[0m19:28:58.090700 [debug] [MainThread]: Got an exception trying to initialize tracking


============================== 19:28:58.098614 | 35ee87b3-51bd-43c9-b703-e06b3c0c0274 ==============================
[0m19:28:58.098614 [info ] [MainThread]: Running with dbt=1.11.7
[0m19:28:58.100642 [debug] [MainThread]: running dbt with arguments {'static_parser': 'True', 'send_anonymous_usage_stats': 'True', 'quiet': 'False', 'invocation_command': 'dbt init', 'partial_parse': 'True', 'use_experimental_parser': 'False', 'use_colors': 'True', 'target_path': 'None', 'no_print': 'None', 'version_check': 'True', 'debug': 'False', 'empty': 'None', 'write_json': 'True', 'log_format': 'default', 'introspect': 'True', 'log_cache_events': 'False', 'indirect_selection': 'eager', 'printer_width': '80', 'warn_error': 'None', 'log_path': 'logs', 'warn_error_options': 'WarnErrorOptionsV2(error=[], warn=[], silence=[])', 'profiles_dir': '/home/connor/.dbt', 'fail_fast': 'False', 'cache_selected_only': 'False'}
[0m19:29:23.032464 [debug] [MainThread]: Starter project path: /home/connor/projects/economics_project/fred_env/lib/python3.12/site-packages/dbt/include/starter_project
[0m19:29:23.040959 [info ] [MainThread]: 
Your new dbt project "dbt_econ" was created!

For more information on how to configure the profiles.yml file,
please consult the dbt documentation here:

  https://docs.getdbt.com/docs/configure-your-profile

One more thing:

Need help? Don't hesitate to reach out to us via GitHub issues or on Slack:

  https://community.getdbt.com/

Happy modeling!

[0m19:29:23.042940 [info ] [MainThread]: Setting up your profile.
[0m19:29:41.507658 [debug] [MainThread]: Resource report: {"command_name": "init", "command_success": true, "command_wall_clock_time": 41.62947, "process_in_blocks": "1000", "process_kernel_time": 0.308663, "process_mem_max_rss": "130644", "process_out_blocks": "80", "process_user_time": 2.597915}
[0m19:29:41.509005 [debug] [MainThread]: Command `dbt init` succeeded at 19:29:41.508742 after 41.63 seconds
[0m19:29:41.509935 [debug] [MainThread]: Flushing usage events
[0m09:39:00.025650 [debug] [MainThread]: Got an exception trying to initialize tracking


============================== 09:39:00.036256 | 173eb43b-60df-4254-a9ec-f112dbd31bdb ==============================
[0m09:39:00.036256 [info ] [MainThread]: Running with dbt=1.11.7
[0m09:39:00.037060 [debug] [MainThread]: running dbt with arguments {'write_json': 'True', 'profiles_dir': '/home/connor/.dbt', 'introspect': 'True', 'printer_width': '80', 'send_anonymous_usage_stats': 'True', 'quiet': 'False', 'empty': 'False', 'static_parser': 'True', 'invocation_command': 'dbt run', 'debug': 'False', 'no_print': 'None', 'cache_selected_only': 'False', 'log_cache_events': 'False', 'partial_parse': 'True', 'log_path': 'logs', 'target_path': 'None', 'warn_error': 'None', 'version_check': 'True', 'use_colors': 'True', 'indirect_selection': 'eager', 'fail_fast': 'False', 'use_experimental_parser': 'False', 'warn_error_options': 'WarnErrorOptionsV2(error=[], warn=[], silence=[])', 'log_format': 'default'}
[0m09:39:00.037559 [error] [MainThread]: Encountered an error:
Runtime Error
  No dbt_project.yml found at expected path /home/connor/projects/economics_project/dbt_project.yml
  Verify that each entry within packages.yml (and their transitive dependencies) contains a file named dbt_project.yml
  
[0m09:39:00.040361 [debug] [MainThread]: Resource report: {"command_name": "run", "command_success": false, "command_wall_clock_time": 0.079125986, "process_in_blocks": "73656", "process_kernel_time": 0.331074, "process_mem_max_rss": "99052", "process_out_blocks": "8", "process_user_time": 1.483702}
[0m09:39:00.040885 [debug] [MainThread]: Command `dbt run` failed at 09:39:00.040775 after 0.08 seconds
[0m09:39:00.041227 [debug] [MainThread]: Flushing usage events
[0m15:21:17.136611 [debug] [MainThread]: Got an exception trying to initialize tracking


============================== 15:21:17.147422 | 81db626b-cd11-407b-9236-27849b264ad2 ==============================
[0m15:21:17.147422 [info ] [MainThread]: Running with dbt=1.11.7
[0m15:21:17.148671 [debug] [MainThread]: running dbt with arguments {'static_parser': 'True', 'quiet': 'False', 'log_path': 'logs', 'log_cache_events': 'False', 'cache_selected_only': 'False', 'profiles_dir': '/home/connor/.dbt', 'partial_parse': 'True', 'introspect': 'True', 'warn_error_options': 'WarnErrorOptionsV2(error=[], warn=[], silence=[])', 'fail_fast': 'False', 'write_json': 'True', 'log_format': 'default', 'use_colors': 'True', 'version_check': 'True', 'send_anonymous_usage_stats': 'True', 'printer_width': '80', 'empty': 'None', 'invocation_command': 'dbt deps', 'debug': 'False', 'indirect_selection': 'eager', 'target_path': 'None', 'use_experimental_parser': 'False', 'warn_error': 'None', 'no_print': 'None'}
[0m15:21:17.149811 [error] [MainThread]: Encountered an error:
Runtime Error
  No dbt_project.yml found at expected path /home/connor/projects/economics_project/dbt_project.yml
  Verify that each entry within packages.yml (and their transitive dependencies) contains a file named dbt_project.yml
  
[0m15:21:17.152081 [debug] [MainThread]: Resource report: {"command_name": "deps", "command_success": false, "command_wall_clock_time": 0.09378921, "process_in_blocks": "8", "process_kernel_time": 0.42559, "process_mem_max_rss": "99444", "process_out_blocks": "16", "process_user_time": 2.485287}
[0m15:21:17.153005 [debug] [MainThread]: Command `dbt deps` failed at 15:21:17.152712 after 0.10 seconds
[0m15:21:17.153996 [debug] [MainThread]: Flushing usage events
[0m12:44:47.602209 [debug] [MainThread]: Sending event: {'category': 'dbt', 'action': 'invocation', 'label': 'start', 'context': [<snowplow_tracker.self_describing_json.SelfDescribingJson object at 0x76009ff01310>, <snowplow_tracker.self_describing_json.SelfDescribingJson object at 0x76009e787b00>, <snowplow_tracker.self_describing_json.SelfDescribingJson object at 0x76009ef515b0>]}


============================== 12:44:47.612484 | 9d8b6aa1-dc42-4ae5-8935-d1afb11aca84 ==============================
[0m12:44:47.612484 [info ] [MainThread]: Running with dbt=1.11.7
[0m12:44:47.613973 [debug] [MainThread]: running dbt with arguments {'printer_width': '80', 'indirect_selection': 'eager', 'write_json': 'True', 'log_cache_events': 'False', 'partial_parse': 'True', 'cache_selected_only': 'False', 'warn_error': 'None', 'fail_fast': 'False', 'profiles_dir': '/home/connor/.dbt', 'log_path': 'logs', 'version_check': 'True', 'debug': 'False', 'use_colors': 'True', 'use_experimental_parser': 'False', 'empty': 'False', 'quiet': 'False', 'no_print': 'None', 'warn_error_options': 'WarnErrorOptionsV2(error=[], warn=[], silence=[])', 'static_parser': 'True', 'invocation_command': 'dbt run', 'introspect': 'True', 'target_path': 'None', 'log_format': 'default', 'send_anonymous_usage_stats': 'True'}
[0m12:44:47.614794 [error] [MainThread]: Encountered an error:
Runtime Error
  No dbt_project.yml found at expected path /home/connor/projects/economics_project/dbt_project.yml
  Verify that each entry within packages.yml (and their transitive dependencies) contains a file named dbt_project.yml
  
[0m12:44:47.617017 [debug] [MainThread]: Resource report: {"command_name": "run", "command_success": false, "command_wall_clock_time": 0.10896741, "process_in_blocks": "8", "process_kernel_time": 0.32428, "process_mem_max_rss": "99244", "process_out_blocks": "8", "process_user_time": 2.187868}
[0m12:44:47.617915 [debug] [MainThread]: Command `dbt run` failed at 12:44:47.617743 after 0.11 seconds
[0m12:44:47.618468 [debug] [MainThread]: Sending event: {'category': 'dbt', 'action': 'invocation', 'label': 'end', 'context': [<snowplow_tracker.self_describing_json.SelfDescribingJson object at 0x76009f177560>, <snowplow_tracker.self_describing_json.SelfDescribingJson object at 0x7600a0f4f590>, <snowplow_tracker.self_describing_json.SelfDescribingJson object at 0x76009e848bf0>]}
[0m12:44:47.619018 [debug] [MainThread]: Flushing usage events
[0m12:44:47.952993 [debug] [MainThread]: An error was encountered while trying to flush usage events
[0m11:27:58.913652 [debug] [MainThread]: Sending event: {'category': 'dbt', 'action': 'invocation', 'label': 'start', 'context': [<snowplow_tracker.self_describing_json.SelfDescribingJson object at 0x76b61f93aed0>, <snowplow_tracker.self_describing_json.SelfDescribingJson object at 0x76b61da24c80>, <snowplow_tracker.self_describing_json.SelfDescribingJson object at 0x76b61dd36a80>]}


============================== 11:27:58.917183 | e2212b06-6e5e-4622-84bb-4a6cd4d82f01 ==============================
[0m11:27:58.917183 [info ] [MainThread]: Running with dbt=1.11.7
[0m11:27:58.917784 [debug] [MainThread]: running dbt with arguments {'printer_width': '80', 'indirect_selection': 'eager', 'write_json': 'True', 'log_cache_events': 'False', 'partial_parse': 'True', 'cache_selected_only': 'False', 'profiles_dir': '/home/connor/.dbt', 'version_check': 'True', 'fail_fast': 'False', 'log_path': 'logs', 'debug': 'False', 'warn_error': 'None', 'use_colors': 'True', 'use_experimental_parser': 'False', 'empty': 'False', 'quiet': 'False', 'no_print': 'None', 'warn_error_options': 'WarnErrorOptionsV2(error=[], warn=[], silence=[])', 'invocation_command': 'dbt compile --select int_inflation_measures', 'introspect': 'True', 'static_parser': 'True', 'target_path': 'None', 'log_format': 'default', 'send_anonymous_usage_stats': 'True'}
[0m11:27:58.918251 [error] [MainThread]: Encountered an error:
Runtime Error
  No dbt_project.yml found at expected path /home/connor/projects/economics_project/dbt_project.yml
  Verify that each entry within packages.yml (and their transitive dependencies) contains a file named dbt_project.yml
  
[0m11:27:58.919252 [debug] [MainThread]: Resource report: {"command_name": "compile", "command_success": false, "command_wall_clock_time": 0.059635907, "process_in_blocks": "0", "process_kernel_time": 0.164085, "process_mem_max_rss": "99348", "process_out_blocks": "8", "process_user_time": 1.436749}
[0m11:27:58.919728 [debug] [MainThread]: Command `dbt compile` failed at 11:27:58.919628 after 0.06 seconds
[0m11:27:58.920115 [debug] [MainThread]: Sending event: {'category': 'dbt', 'action': 'invocation', 'label': 'end', 'context': [<snowplow_tracker.self_describing_json.SelfDescribingJson object at 0x76b61f93aed0>, <snowplow_tracker.self_describing_json.SelfDescribingJson object at 0x76b61cdf00e0>, <snowplow_tracker.self_describing_json.SelfDescribingJson object at 0x76b620fb3440>]}
[0m11:27:58.920485 [debug] [MainThread]: Flushing usage events
[0m11:27:59.245790 [debug] [MainThread]: An error was encountered while trying to flush usage events
